#
# There is insufficient memory for the Java Runtime Environment to continue.
# Native memory allocation (mmap) failed to map 201326592 bytes for G1 virtual space
# Possible reasons:
#   The system is out of physical RAM or swap space
#   The process is running with CompressedOops enabled, and the Java Heap may be blocking the growth of the native heap
# Possible solutions:
#   Reduce memory load on the system
#   Increase physical memory or swap space
#   Check if swap backing store is full
#   Decrease Java heap size (-Xmx/-Xms)
#   Decrease number of Java threads
#   Decrease Java thread stack sizes (-Xss)
#   Set larger code cache with -XX:ReservedCodeCacheSize=
#   JVM is running with Zero Based Compressed Oops mode in which the Java heap is
#     placed in the first 32GB address space. The Java Heap base address is the
#     maximum limit for the native heap growth. Please use -XX:HeapBaseMinAddress
#     to set the Java Heap base and to place the Java Heap above 32GB virtual address.
# This output file may be truncated or incomplete.
#
#  Out of Memory Error (os_windows.cpp:3825), pid=14488, tid=13008
#
# JRE version:  (17.0.9+7) (build )
# Java VM: OpenJDK 64-Bit Server VM (17.0.9+7-b1000.46, mixed mode, sharing, tiered, compressed oops, compressed class ptrs, g1 gc, windows-amd64)
# No core dump will be written. Minidumps are not enabled by default on client versions of Windows
#

---------------  S U M M A R Y ------------

Command Line: git4idea.http.GitAskPassApp Username for 'https://github.com': 

Host: Intel(R) Core(TM) i5-7300HQ CPU @ 2.50GHz, 4 cores, 11G,  Windows 10 , 64 bit Build 19041 (10.0.19041.3570)
Time: Thu Nov 30 14:14:05 2023 Pacific Standard Time elapsed time: 0.099622 seconds (0d 0h 0m 0s)

---------------  T H R E A D  ---------------

Current thread (0x000001b896726b20):  JavaThread "Unknown thread" [_thread_in_vm, id=13008, stack(0x0000008c87000000,0x0000008c87100000)]

Stack: [0x0000008c87000000,0x0000008c87100000]
Native frames: (J=compiled Java code, j=interpreted, Vv=VM code, C=native code)
V  [jvm.dll+0x6886e9]
V  [jvm.dll+0x841e4a]
V  [jvm.dll+0x843a8e]
V  [jvm.dll+0x8440f3]
V  [jvm.dll+0x24c14f]
V  [jvm.dll+0x685499]
V  [jvm.dll+0x679c2a]
V  [jvm.dll+0x30cf9b]
V  [jvm.dll+0x314446]
V  [jvm.dll+0x36425e]
V  [jvm.dll+0x36448f]
V  [jvm.dll+0x2e2d68]
V  [jvm.dll+0x2e3cd4]
V  [jvm.dll+0x8129f1]
V  [jvm.dll+0x3720c1]
V  [jvm.dll+0x7f152c]
V  [jvm.dll+0x3f5d4f]
V  [jvm.dll+0x3f7981]
C  [jli.dll+0x528f]
C  [ucrtbase.dll+0x21bb2]
C  [KERNEL32.DLL+0x17344]
C  [ntdll.dll+0x526b1]


---------------  P R O C E S S  ---------------

Threads class SMR info:
_java_thread_list=0x00007ffeb55fef18, length=0, elements={
}

Java Threads: ( => current thread )

Other Threads:
  0x000001b89677e610 GCTaskThread "GC Thread#0" [stack: 0x0000008c87100000,0x0000008c87200000] [id=16852]
  0x000001b89678b3a0 ConcurrentGCThread "G1 Main Marker" [stack: 0x0000008c87200000,0x0000008c87300000] [id=13632]
  0x000001b89678bdc0 ConcurrentGCThread "G1 Conc#0" [stack: 0x0000008c87300000,0x0000008c87400000] [id=7308]

[error occurred during error reporting (printing all threads), id 0xc0000005, EXCEPTION_ACCESS_VIOLATION (0xc0000005) at pc=0x00007ffeb4db3937]

VM state: not at safepoint (not fully initialized)

VM Mutex/Monitor currently owned by a thread:  ([mutex/lock_event])
[0x000001b896720aa0] Heap_lock - owner thread: 0x000001b896726b20

Heap address: 0x0000000741c00000, size: 3044 MB, Compressed Oops mode: Zero based, Oop shift amount: 3

CDS archive(s) mapped at: [0x0000000000000000-0x0000000000000000-0x0000000000000000), size 0, SharedBaseAddress: 0x0000000800000000, ArchiveRelocationMode: 1.
Narrow klass base: 0x0000000000000000, Narrow klass shift: 0, Narrow klass range: 0x0

GC Precious Log:
<Empty>

Heap:
 garbage-first heap   total 0K, used 0K [0x0000000741c00000, 0x0000000800000000)
  region size 2048K, 0 young (0K), 0 survivors (0K)
 Metaspace       used 0K, committed 0K, reserved 0K
  class space    used 0K, committed 0K, reserved 0K

Heap Regions: E=young(eden), S=young(survivor), O=old, HS=humongous(starts), HC=humongous(continues), CS=collection set, F=free, OA=open archive, CA=closed archive, TAMS=top-at-mark-start (previous, next)

Card table byte_map: [0x000001b8ab270000,0x000001b8ab870000] _byte_map_base: 0x000001b8a7862000

Marking Bits (Prev, Next): (CMBitMap*) 0x000001b89677ec30, (CMBitMap*) 0x000001b89677ec70
 Prev Bits: [0x000001b8abe70000, 0x000001b8aee00000)
 Next Bits: [0x000001b8aee00000, 0x000001b8b1d90000)

GC Heap History (0 events):
No events

Dll operation events (1 events):
Event: 0.007 Loaded shared library G:\PhpStorm 2023.2.2\jbr\bin\java.dll

Deoptimization events (0 events):
No events

Classes unloaded (0 events):
No events

Classes redefined (0 events):
No events

Internal exceptions (0 events):
No events

VM Operations (0 events):
No events

Events (0 events):
No events


Dynamic libraries:
0x00007ff642140000 - 0x00007ff64214a000 	G:\PhpStorm 2023.2.2\jbr\bin\java.exe
0x00007fff28310000 - 0x00007fff28507000 	C:\Windows\SYSTEM32\ntdll.dll
0x00007fff27e90000 - 0x00007fff27f4d000 	C:\Windows\System32\KERNEL32.DLL
0x00007fff25b70000 - 0x00007fff25e66000 	C:\Windows\System32\KERNELBASE.dll
0x00007fff22be0000 - 0x00007fff22c70000 	C:\Windows\SYSTEM32\apphelp.dll
0x00007fff26120000 - 0x00007fff26220000 	C:\Windows\System32\ucrtbase.dll
0x00007fff0f0c0000 - 0x00007fff0f0d7000 	G:\PhpStorm 2023.2.2\jbr\bin\jli.dll
0x00007fff1cd00000 - 0x00007fff1cd1b000 	G:\PhpStorm 2023.2.2\jbr\bin\VCRUNTIME140.dll
0x00007fff26600000 - 0x00007fff2679e000 	C:\Windows\System32\USER32.dll
0x00007fff26220000 - 0x00007fff26242000 	C:\Windows\System32\win32u.dll
0x00007fff267a0000 - 0x00007fff267cc000 	C:\Windows\System32\GDI32.dll
0x00007fff057e0000 - 0x00007fff05a7a000 	C:\Windows\WinSxS\amd64_microsoft.windows.common-controls_6595b64144ccf1df_6.0.19041.3570_none_60bb2a3971f3e41a\COMCTL32.dll
0x00007fff26250000 - 0x00007fff2636a000 	C:\Windows\System32\gdi32full.dll
0x00007fff26450000 - 0x00007fff264ee000 	C:\Windows\System32\msvcrt.dll
0x00007fff25a40000 - 0x00007fff25add000 	C:\Windows\System32\msvcp_win.dll
0x00007fff27200000 - 0x00007fff27230000 	C:\Windows\System32\IMM32.DLL
0x00007fff1f7e0000 - 0x00007fff1f7ec000 	G:\PhpStorm 2023.2.2\jbr\bin\vcruntime140_1.dll
0x00007ffeede20000 - 0x00007ffeedead000 	G:\PhpStorm 2023.2.2\jbr\bin\msvcp140.dll
0x00007ffeb4ac0000 - 0x00007ffeb5743000 	G:\PhpStorm 2023.2.2\jbr\bin\server\jvm.dll
0x00007fff28220000 - 0x00007fff282ce000 	C:\Windows\System32\ADVAPI32.dll
0x00007fff274f0000 - 0x00007fff2758c000 	C:\Windows\System32\sechost.dll
0x00007fff27230000 - 0x00007fff27356000 	C:\Windows\System32\RPCRT4.dll
0x00007fff24f60000 - 0x00007fff24fab000 	C:\Windows\SYSTEM32\POWRPROF.dll
0x00007fff1fba0000 - 0x00007fff1fba9000 	C:\Windows\SYSTEM32\WSOCK32.dll
0x00007fff27190000 - 0x00007fff271fb000 	C:\Windows\System32\WS2_32.dll
0x00007fff1e590000 - 0x00007fff1e59a000 	C:\Windows\SYSTEM32\VERSION.dll
0x00007fff0b6c0000 - 0x00007fff0b6e7000 	C:\Windows\SYSTEM32\WINMM.dll
0x00007fff24dd0000 - 0x00007fff24de2000 	C:\Windows\SYSTEM32\UMPDC.dll
0x00007fff241e0000 - 0x00007fff241f2000 	C:\Windows\SYSTEM32\kernel.appcore.dll
0x00007fff1d3c0000 - 0x00007fff1d3ca000 	G:\PhpStorm 2023.2.2\jbr\bin\jimage.dll
0x00007fff22f10000 - 0x00007fff230f4000 	C:\Windows\SYSTEM32\DBGHELP.DLL
0x00007fff0cb60000 - 0x00007fff0cb94000 	C:\Windows\SYSTEM32\dbgcore.DLL
0x00007fff25ae0000 - 0x00007fff25b62000 	C:\Windows\System32\bcryptPrimitives.dll
0x00007fff0f0e0000 - 0x00007fff0f105000 	G:\PhpStorm 2023.2.2\jbr\bin\java.dll

dbghelp: loaded successfully - version: 4.0.5 - missing functions: none
symbol engine: initialized successfully - sym options: 0x614 - pdb path: .;G:\PhpStorm 2023.2.2\jbr\bin;C:\Windows\SYSTEM32;C:\Windows\WinSxS\amd64_microsoft.windows.common-controls_6595b64144ccf1df_6.0.19041.3570_none_60bb2a3971f3e41a;G:\PhpStorm 2023.2.2\jbr\bin\server

VM Arguments:
java_command: git4idea.http.GitAskPassApp Username for 'https://github.com': 
java_class_path (initial): G:/PhpStorm 2023.2.2/plugins/vcs-git/lib/git4idea-rt.jar;G:/PhpStorm 2023.2.2/lib/externalProcess-rt.jar
Launcher Type: SUN_STANDARD

[Global flags]
     intx CICompilerCount                          = 3                                         {product} {ergonomic}
     uint ConcGCThreads                            = 1                                         {product} {ergonomic}
     uint G1ConcRefinementThreads                  = 4                                         {product} {ergonomic}
   size_t G1HeapRegionSize                         = 2097152                                   {product} {ergonomic}
    uintx GCDrainStackTargetSize                   = 64                                        {product} {ergonomic}
   size_t InitialHeapSize                          = 201326592                                 {product} {ergonomic}
   size_t MarkStackSize                            = 4194304                                   {product} {ergonomic}
   size_t MaxHeapSize                              = 3191865344                                {product} {ergonomic}
   size_t MinHeapDeltaBytes                        = 2097152                                   {product} {ergonomic}
   size_t MinHeapSize                              = 8388608                                   {product} {ergonomic}
    uintx NonNMethodCodeHeapSize                   = 5832780                                {pd product} {ergonomic}
    uintx NonProfiledCodeHeapSize                  = 122912730                              {pd product} {ergonomic}
    uintx ProfiledCodeHeapSize                     = 122912730                              {pd product} {ergonomic}
    uintx ReservedCodeCacheSize                    = 251658240                              {pd product} {ergonomic}
     bool SegmentedCodeCache                       = true                                      {product} {ergonomic}
   size_t SoftMaxHeapSize                          = 3191865344                             {manageable} {ergonomic}
     bool UseCompressedClassPointers               = true                           {product lp64_product} {ergonomic}
     bool UseCompressedOops                        = true                           {product lp64_product} {ergonomic}
     bool UseG1GC                                  = true                                      {product} {ergonomic}
     bool UseLargePagesIndividualAllocation        = false                                  {pd product} {ergonomic}

Logging:
Log output configuration:
 #0: stdout all=warning uptime,level,tags
 #1: stderr all=off uptime,level,tags

Environment Variables:
PATH=C:\Program Files\Git\mingw64\libexec\git-core;C:\Program Files\Git\mingw64\libexec\git-core;C:\Program Files\Git\mingw64\bin;C:\Program Files\Git\usr\bin;C:\Users\Bisix21\bin;C:\Program Files\Common Files\Oracle\Java\javapath;C:\Windows\system32;C:\Windows;C:\Windows\System32\Wbem;C:\Windows\System32\WindowsPowerShell\v1.0;C:\Windows\System32\OpenSSH;C:\Program Files\Git\cmd;G:\php-8.2.11-nts-Win32-vs16-x64;C:\ProgramData\ComposerSetup\bin;C:\Program Files\Docker\Docker\resources\bin;C:\Users\Bisix21\AppData\Local\Microsoft\WindowsApps;G:\PhpStorm 2023.2.2\bin;C:\Users\Bisix21\AppData\Local\GitHubDesktop\bin;C:\Users\Bisix21\AppData\Roaming\Composer\vendor\bin;G:\Composer
USERNAME=Bisix21
DISPLAY=:0.0
LC_ALL=en_US.UTF-8
TERM=xterm-256color
TMPDIR=C:\Users\Bisix21\AppData\Local\Temp
OS=Windows_NT
PROCESSOR_IDENTIFIER=Intel64 Family 6 Model 158 Stepping 9, GenuineIntel
TMP=C:\Users\Bisix21\AppData\Local\Temp
TEMP=C:\Users\Bisix21\AppData\Local\Temp



Periodic native trim disabled

JNI global refs:
JNI global refs: 0, weak refs: 0

JNI global refs memory usage: 0, weak refs: 0

OOME stack traces (most recent first):
Classloader memory used:


---------------  S Y S T E M  ---------------

OS:
 Windows 10 , 64 bit Build 19041 (10.0.19041.3570)
OS uptime: 5 days 10:16 hours
Hyper-V role detected

CPU: total 4 (initial active 4) (4 cores per cpu, 1 threads per core) family 6 model 158 stepping 9 microcode 0xb4, cx8, cmov, fxsr, mmx, 3dnowpref, sse, sse2, sse3, ssse3, sse4.1, sse4.2, popcnt, lzcnt, tsc, tscinvbit, avx, avx2, aes, erms, clmul, bmi1, bmi2, adx, fma, vzeroupper, clflush, clflushopt, hv
Processor Information for all 4 processors :
  Max Mhz: 2496, Current Mhz: 2496, Mhz Limit: 2496

Memory: 4k page, system-wide physical 12169M (1076M free)
TotalPageFile size 27319M (AvailPageFile size 118M)
current process WorkingSet (physical memory assigned to process): 11M, peak: 11M
current process commit charge ("private bytes"): 51M, peak: 243M

vm_info: OpenJDK 64-Bit Server VM (17.0.9+7-b1000.46) for windows-amd64 JRE (17.0.9+7-b1000.46), built on 2023-10-27 by "builduser" with MS VC++ 16.10 / 16.11 (VS2019)

END.
